Plugins:
Bundled analyzers:
  - Python Code Quality and Security 4.7.0.12181 (python)
  - Clean as You Code 2.1.0.500 (cayc)
  - Go Code Quality and Security 1.14.0.4481 (go)
  - JaCoCo 1.3.0.1538 (jacoco)
  - Kotlin Code Quality and Security 2.17.0.2902 (kotlin)
  - IaC Code Quality and Security 1.20.0.5654 (iac)
  - JavaScript/TypeScript/CSS Code Quality and Security 10.5.1.22382 (javascript)
  - Ruby Code Quality and Security 1.14.0.4481 (ruby)
  - Scala Code Quality and Security 1.14.0.4481 (sonarscala)
  - C# Code Quality and Security 9.8.0.76515 (csharp)
  - Java Code Quality and Security 7.24.0.32100 (java)
  - HTML Code Quality and Security 3.9.0.3600 (web)
  - Flex Code Quality and Security 2.10.0.3458 (flex)
  - XML Code Quality and Security 2.10.0.4108 (xml)
  - PHP Code Quality and Security 3.32.0.10180 (php)
  - Text Code Quality and Security 2.3.0.1632 (text)
  - VB.NET Code Quality and Security 9.8.0.76515 (vbnet)
  - Configuration detection for Code Quality and Security 1.3.0.654 (config)
Global server settings:
  - sonar.core.id=147B411E-AZZaQzp8o7V7zmuhM8Vn
  - sonar.core.startTime=2025-05-26T20:52:46+0000
  - sonar.forceAuthentication=true
Project server settings:
Project scanner properties:
  - sonar.coverage.lcovReportPaths=coverage/capachica-app/lcov.info
  - sonar.exclusions=/node_modules/,/*.test.ts
  - sonar.host.url=http://localhost:9000
  - sonar.javascript.lcov.reportPaths=coverage/capachica-app/lcov.info
  - sonar.projectBaseDir=C:\Users\LENOVO\Documents\examen despliegue\capachica-app-main
  - sonar.projectKey=capachica-app
  - sonar.projectName=capachica-app
  - sonar.projectVersion=1.0
  - sonar.scanner.apiBaseUrl=http://localhost:9000/api/v2
  - sonar.scanner.app=ScannerNpm
  - sonar.scanner.appVersion=4.3.0
  - sonar.scanner.arch=x64
  - sonar.scanner.bootstrapStartTime=1748298683686
  - sonar.scanner.home=C:\Users\LENOVO\.sonar\native-sonar-scanner\sonar-scanner-6.2.1.4610-windows-x64\bin\..
  - sonar.scanner.internal.isSonarCloud=false
  - sonar.scanner.os=win32
  - sonar.scanner.wasEngineCacheHit=true
  - sonar.scanner.wasJreCacheHit=disabled
  - sonar.sourceEncoding=UTF-8
  - sonar.sources=src
  - sonar.test.inclusions=/*.spec.ts
  - sonar.tests=src
  - sonar.token=******
  - sonar.userHome=C:\Users\LENOVO\.sonar
  - sonar.working.directory=C:\Users\LENOVO\Documents\examen despliegue\capachica-app-main\.scannerwork
  - sonar.ws.timeout=60
